Unity Editor version:    2021.3.22f1 (b6c551784ba3)
Branch:                  2021.3/staging
Build type:              Release
Batch mode:              YES
macOS version:           Version 13.2.1 (Build 22D68)
Darwin version:          22.3.0
Architecture:            arm64
Running under Rosetta:   NO
Available memory:        8192 MB
Using pre-set license
Pro License: YES

COMMAND LINE ARGUMENTS:
/Applications/Unity/Hub/Editor/2021.3.22f1/Unity.app/Contents/MacOS/Unity
-adb2
-batchMode
-noUpm
-name
AssetImportWorker0
-projectPath
/Users/erkinarikan/Desktop/Unity-Walking-Animation-X-Y-Bot/Animation
-logFile
Logs/AssetImportWorker0.log
-srvPort
49536
Successfully changed project path to: /Users/erkinarikan/Desktop/Unity-Walking-Animation-X-Y-Bot/Animation
/Users/erkinarikan/Desktop/Unity-Walking-Animation-X-Y-Bot/Animation
[UnityMemory] Configuration Parameters - Can be set up in boot.config
    "memorysetup-bucket-allocator-granularity=16"
    "memorysetup-bucket-allocator-bucket-count=8"
    "memorysetup-bucket-allocator-block-size=33554432"
    "memorysetup-bucket-allocator-block-count=8"
    "memorysetup-main-allocator-block-size=16777216"
    "memorysetup-thread-allocator-block-size=16777216"
    "memorysetup-gfx-main-allocator-block-size=16777216"
    "memorysetup-gfx-thread-allocator-block-size=16777216"
    "memorysetup-cache-allocator-block-size=4194304"
    "memorysetup-typetree-allocator-block-size=2097152"
    "memorysetup-profiler-bucket-allocator-granularity=16"
    "memorysetup-profiler-bucket-allocator-bucket-count=8"
    "memorysetup-profiler-bucket-allocator-block-size=33554432"
    "memorysetup-profiler-bucket-allocator-block-count=8"
    "memorysetup-profiler-allocator-block-size=16777216"
    "memorysetup-profiler-editor-allocator-block-size=1048576"
    "memorysetup-temp-allocator-size-main=16777216"
    "memorysetup-job-temp-allocator-block-size=2097152"
    "memorysetup-job-temp-allocator-block-size-background=1048576"
    "memorysetup-job-temp-allocator-reduction-small-platforms=262144"
    "memorysetup-temp-allocator-size-background-worker=32768"
    "memorysetup-temp-allocator-size-job-worker=262144"
    "memorysetup-temp-allocator-size-preload-manager=33554432"
    "memorysetup-temp-allocator-size-nav-mesh-worker=65536"
    "memorysetup-temp-allocator-size-audio-worker=65536"
    "memorysetup-temp-allocator-size-cloud-worker=32768"
    "memorysetup-temp-allocator-size-gi-baking-worker=262144"
    "memorysetup-temp-allocator-size-gfx=262144"
Player connection [8519680320] Host "[IP] 192.168.1.37 [Port] 0 [Flags] 2 [Guid] 1853870321 [EditorId] 1853870321 [Version] 1048832 [Id] OSXEditor(0,Erkin-MacBook-Air.local) [Debug] 1 [PackageName] OSXEditor [ProjectName] Editor" joined multi-casting on [225.0.0.222:54997]...

Player connection [8519680320] Host "[IP] 192.168.1.37 [Port] 0 [Flags] 2 [Guid] 1853870321 [EditorId] 1853870321 [Version] 1048832 [Id] OSXEditor(0,Erkin-MacBook-Air.local) [Debug] 1 [PackageName] OSXEditor [ProjectName] Editor" joined alternative multi-casting on [225.0.0.222:34997]...

Refreshing native plugins compatible for Editor in 62.41 ms, found 2 plugins.
Preloading 0 native plugins for Editor in 0.00 ms.
Initialize engine version: 2021.3.22f1 (b6c551784ba3)
[Subsystems] Discovering subsystems at path /Applications/Unity/Hub/Editor/2021.3.22f1/Unity.app/Contents/Resources/UnitySubsystems
[Subsystems] Discovering subsystems at path /Users/erkinarikan/Desktop/Unity-Walking-Animation-X-Y-Bot/Animation/Assets
GfxDevice: creating device client; threaded=0; jobified=0
 preferred device: Apple M1 (high power)
Metal devices available: 1
0: Apple M1 (high power)
Using device Apple M1 (high power)
Initializing Metal device caps: Apple M1
Initialize mono
Mono path[0] = '/Applications/Unity/Hub/Editor/2021.3.22f1/Unity.app/Contents/Managed'
Mono path[1] = '/Applications/Unity/Hub/Editor/2021.3.22f1/Unity.app/Contents/MonoBleedingEdge/lib/mono/unityjit-macos'
Mono config path = '/Applications/Unity/Hub/Editor/2021.3.22f1/Unity.app/Contents/MonoBleedingEdge/etc'
Using monoOptions --debugger-agent=transport=dt_socket,embedding=1,server=y,suspend=n,address=127.0.0.1:56232
Begin MonoManager ReloadAssembly
Registering precompiled unity dll's ...
Register platform support module: /Applications/Unity/Hub/Editor/2021.3.22f1/Unity.app/Contents/PlaybackEngines/MacStandaloneSupport/UnityEditor.OSXStandalone.Extensions.dll
Register platform support module: /Applications/Unity/Hub/Editor/2021.3.22f1/PlaybackEngines/AndroidPlayer/UnityEditor.Android.Extensions.dll
Register platform support module: /Applications/Unity/Hub/Editor/2021.3.22f1/PlaybackEngines/iOSSupport/UnityEditor.iOS.Extensions.dll
Register platform support module: /Applications/Unity/Hub/Editor/2021.3.22f1/PlaybackEngines/WindowsStandaloneSupport/UnityEditor.WindowsStandalone.Extensions.dll
Registered in 0.001999 seconds.
Native extension for WindowsStandalone target not found
[usbmuxd] Start listen thread
[usbmuxd] Listen thread started
[usbmuxd] Send listen message
Native extension for iOS target not found
Native extension for Android target not found
Android Extension - Scanning For ADB Devices 76 ms
Native extension for OSXStandalone target not found
Refreshing native plugins compatible for Editor in 63.38 ms, found 2 plugins.
Preloading 0 native plugins for Editor in 0.00 ms.
Mono: successfully reloaded assembly
- Completed reload, in  0.561 seconds
Domain Reload Profiling:
	ReloadAssembly (561ms)
		BeginReloadAssembly (68ms)
			ExecutionOrderSort (0ms)
			DisableScriptedObjects (0ms)
			BackupInstance (0ms)
			ReleaseScriptingObjects (0ms)
			CreateAndSetChildDomain (0ms)
		EndReloadAssembly (438ms)
			LoadAssemblies (69ms)
			RebuildTransferFunctionScriptingTraits (0ms)
			SetupTypeCache (73ms)
			ReleaseScriptCaches (0ms)
			RebuildScriptCaches (19ms)
			SetupLoadedEditorAssemblies (320ms)
				LogAssemblyErrors (0ms)
				InitializePlatformSupportModulesInManaged (187ms)
				SetLoadedEditorAssemblies (0ms)
				RefreshPlugins (63ms)
				BeforeProcessingInitializeOnLoad (1ms)
				ProcessInitializeOnLoadAttributes (45ms)
				ProcessInitializeOnLoadMethodAttributes (23ms)
				AfterProcessingInitializeOnLoad (0ms)
				EditorAssembliesLoaded (0ms)
			ExecutionOrderSort2 (0ms)
			AwakeInstancesAfterBackupRestoration (0ms)
Platform modules already initialized, skipping
Registering precompiled user dll's ...
Registered in 0.001439 seconds.
Begin MonoManager ReloadAssembly
Symbol file LoadedFromMemory doesn't match image /Users/erkinarikan/Desktop/Unity-Walking-Animation-X-Y-Bot/Animation/Library/PackageCache/com.unity.visualscripting@1.8.0/Editor/VisualScripting.Core/Dependencies/YamlDotNet/Unity.VisualScripting.YamlDotNet.dll
Symbol file LoadedFromMemory doesn't match image /Users/erkinarikan/Desktop/Unity-Walking-Animation-X-Y-Bot/Animation/Library/PackageCache/com.unity.visualscripting@1.8.0/Editor/VisualScripting.Core/Dependencies/DotNetZip/Unity.VisualScripting.IonicZip.dll
Native extension for WindowsStandalone target not found
Native extension for iOS target not found
Native extension for Android target not found
Native extension for OSXStandalone target not found
Refreshing native plugins compatible for Editor in 0.37 ms, found 2 plugins.
Preloading 0 native plugins for Editor in 0.00 ms.
Mono: successfully reloaded assembly
- Completed reload, in  0.614 seconds
Domain Reload Profiling:
	ReloadAssembly (615ms)
		BeginReloadAssembly (67ms)
			ExecutionOrderSort (0ms)
			DisableScriptedObjects (3ms)
			BackupInstance (0ms)
			ReleaseScriptingObjects (0ms)
			CreateAndSetChildDomain (17ms)
		EndReloadAssembly (486ms)
			LoadAssemblies (57ms)
			RebuildTransferFunctionScriptingTraits (0ms)
			SetupTypeCache (177ms)
			ReleaseScriptCaches (0ms)
			RebuildScriptCaches (33ms)
			SetupLoadedEditorAssemblies (193ms)
				LogAssemblyErrors (0ms)
				InitializePlatformSupportModulesInManaged (17ms)
				SetLoadedEditorAssemblies (0ms)
				RefreshPlugins (0ms)
				BeforeProcessingInitializeOnLoad (51ms)
				ProcessInitializeOnLoadAttributes (113ms)
				ProcessInitializeOnLoadMethodAttributes (11ms)
				AfterProcessingInitializeOnLoad (1ms)
				EditorAssembliesLoaded (0ms)
			ExecutionOrderSort2 (0ms)
			AwakeInstancesAfterBackupRestoration (2ms)
Platform modules already initialized, skipping
========================================================================
Worker process is ready to serve import requests
Launching external process: /Applications/Unity/Hub/Editor/2021.3.22f1/Unity.app/Contents/Tools/UnityShaderCompiler
Launched and connected shader compiler UnityShaderCompiler after 0.06 seconds
Refreshing native plugins compatible for Editor in 0.31 ms, found 2 plugins.
Preloading 0 native plugins for Editor in 0.00 ms.
Unloading 3047 Unused Serialized files (Serialized files now loaded: 0)
Unloading 24 unused Assets / (85.0 KB). Loaded Objects now: 3509.
Memory consumption went from 102.0 MB to 101.9 MB.
Total: 2.339750 ms (FindLiveObjects: 0.120000 ms CreateObjectMapping: 0.035375 ms MarkObjects: 2.094917 ms  DeleteObjects: 0.088875 ms)

AssetImportParameters requested are different than current active one (requested -> active):
  custom:video-decoder-ogg-theora: a1e56fd34408186e4bbccfd4996cb3dc -> 
  custom:container-muxer-webm: aa71ff27fc2769a1b78a27578f13a17b -> 
  custom:container-demuxer-webm: 4f35f7cbe854078d1ac9338744f61a02 -> 
  custom:video-encoder-webm-vp8: eb34c28f22e8b96e1ab97ce403110664 -> 
  custom:framework-osx-AVFoundation: e770b220cccbd017edd2c1fefb359320 -> 
  custom:audio-encoder-webm-vorbis: bf7c407c2cedff20999df2af8eb42d56 -> 
  custom:container-demuxer-ogg: 62fdf1f143b41e24485cea50d1cbac27 -> 
  custom:video-decoder-webm-vp8: 9c59270c3fd7afecdb556c50c9e8de78 -> 
  custom:audio-decoder-ogg-vorbis: bf7c407c2cedff20999df2af8eb42d56 -> 
========================================================================
Received Import Request.
  Time since last request: 789818.679028 seconds.
  path: Assets/Mixamo X
  artifactKey: Guid(4c51b338a0d2e4f59a5353e7323d8ef5) Importer(815301076,1909f56bfc062723c751e8b465ee728b)
Start importing Assets/Mixamo X using Guid(4c51b338a0d2e4f59a5353e7323d8ef5) Importer(815301076,1909f56bfc062723c751e8b465ee728b)  -> (artifact id: '42a40869449f1f643039a1cf3901e2f9') in 0.004187 seconds 
========================================================================
Received Import Request.
  Time since last request: 5.603844 seconds.
  path: Assets/Mixamo Y
  artifactKey: Guid(261cc17bb0dbf47abb9b4d9c98d0c691) Importer(815301076,1909f56bfc062723c751e8b465ee728b)
Start importing Assets/Mixamo Y using Guid(261cc17bb0dbf47abb9b4d9c98d0c691) Importer(815301076,1909f56bfc062723c751e8b465ee728b)  -> (artifact id: '78fa54555911830d2f9447685f8e71aa') in 0.001259 seconds 
========================================================================
Received Import Request.
  Time since last request: 7.317464 seconds.
  path: Assets/Animation Y
  artifactKey: Guid(87eed61469e154e4ba1dea769d97eb5e) Importer(815301076,1909f56bfc062723c751e8b465ee728b)
Start importing Assets/Animation Y using Guid(87eed61469e154e4ba1dea769d97eb5e) Importer(815301076,1909f56bfc062723c751e8b465ee728b)  -> (artifact id: '7326f5baf8fd1e1b91a5d0bcb583529e') in 0.001092 seconds 
========================================================================
Received Import Request.
  Time since last request: 7.593280 seconds.
  path: Assets/Animation X
  artifactKey: Guid(3fb0d82a12ec7449d93023d948c6b052) Importer(815301076,1909f56bfc062723c751e8b465ee728b)
Start importing Assets/Animation X using Guid(3fb0d82a12ec7449d93023d948c6b052) Importer(815301076,1909f56bfc062723c751e8b465ee728b)  -> (artifact id: '18bcd4cddaf5853a6f499b986c288149') in 0.000771 seconds 
========================================================================
Received Import Request.
  Time since last request: 60.283173 seconds.
  path: Assets/Animation X/X Bot@Happy Idle.fbx
  artifactKey: Guid(a345a1ac49aa64e0697890176d4b6a4f) Importer(815301076,1909f56bfc062723c751e8b465ee728b)
Start importing Assets/Animation X/X Bot@Happy Idle.fbx using Guid(a345a1ac49aa64e0697890176d4b6a4f) Importer(815301076,1909f56bfc062723c751e8b465ee728b)  -> (artifact id: '8fa10f385cd2dc63507ed30bee461f21') in 0.990699 seconds 
========================================================================
Received Import Request.
  Time since last request: 0.000070 seconds.
  path: Assets/Animation X/X Bot@Walking.fbx
  artifactKey: Guid(343bfe15f0d2247f0864a97cf3819994) Importer(815301076,1909f56bfc062723c751e8b465ee728b)
Start importing Assets/Animation X/X Bot@Walking.fbx using Guid(343bfe15f0d2247f0864a97cf3819994) Importer(815301076,1909f56bfc062723c751e8b465ee728b)  -> (artifact id: '8106ec0077be12a04098dd434493323f') in 0.024748 seconds 
========================================================================
Received Import Request.
  Time since last request: 18.043685 seconds.
  path: Assets/Mixamo Y/Happy Idle.anim
  artifactKey: Guid(32bdc2df0b431410c84c6edf811ce7fe) Importer(815301076,1909f56bfc062723c751e8b465ee728b)
Start importing Assets/Mixamo Y/Happy Idle.anim using Guid(32bdc2df0b431410c84c6edf811ce7fe) Importer(815301076,1909f56bfc062723c751e8b465ee728b)  -> (artifact id: '8ef0925aab7d50bea62806de6c5618f2') in 0.046733 seconds 
========================================================================
Received Import Request.
  Time since last request: 5.133795 seconds.
  path: Assets/Mixamo Y/Running.anim
  artifactKey: Guid(1967b268a80b8494fbd5da39a8d5a0d9) Importer(815301076,1909f56bfc062723c751e8b465ee728b)
Start importing Assets/Mixamo Y/Running.anim using Guid(1967b268a80b8494fbd5da39a8d5a0d9) Importer(815301076,1909f56bfc062723c751e8b465ee728b)  -> (artifact id: '7aac57a7cc18f0d55eb154f68f56213d') in 0.005213 seconds 
========================================================================
Received Import Request.
  Time since last request: 4.154902 seconds.
  path: Assets/Mixamo Y/Walking.anim
  artifactKey: Guid(980522fb3a8ed4bafa0df981b66449b3) Importer(815301076,1909f56bfc062723c751e8b465ee728b)
Start importing Assets/Mixamo Y/Walking.anim using Guid(980522fb3a8ed4bafa0df981b66449b3) Importer(815301076,1909f56bfc062723c751e8b465ee728b)  -> (artifact id: '624c34193273d33e7f467b2ba973d0ae') in 0.004392 seconds 
========================================================================
Received Import Request.
  Time since last request: 10.856909 seconds.
  path: Assets/Mixamo X/Y Bot@Breathing Idle.fbx
  artifactKey: Guid(19723d707fd914fb58ad12811fcd85f8) Importer(815301076,1909f56bfc062723c751e8b465ee728b)
Start importing Assets/Mixamo X/Y Bot@Breathing Idle.fbx using Guid(19723d707fd914fb58ad12811fcd85f8) Importer(815301076,1909f56bfc062723c751e8b465ee728b)  -> (artifact id: '9469b264841c1982e423e67c88e2fd42') in 0.063140 seconds 
========================================================================
Received Import Request.
  Time since last request: 0.000074 seconds.
  path: Assets/Mixamo X/Y Bot@Walking.fbx
  artifactKey: Guid(24557d65240ee4533bf44a3dcdb43dc4) Importer(815301076,1909f56bfc062723c751e8b465ee728b)
Start importing Assets/Mixamo X/Y Bot@Walking.fbx using Guid(24557d65240ee4533bf44a3dcdb43dc4) Importer(815301076,1909f56bfc062723c751e8b465ee728b)  -> (artifact id: '7528dec6f6f0703ff8c934031f178b38') in 0.035840 seconds 
========================================================================
Received Import Request.
  Time since last request: 91.424808 seconds.
  path: Assets/Mixamo Y/Breathing Idle.anim
  artifactKey: Guid(f65f0e3f443994348b1e67cd5ed018d5) Importer(815301076,1909f56bfc062723c751e8b465ee728b)
Start importing Assets/Mixamo Y/Breathing Idle.anim using Guid(f65f0e3f443994348b1e67cd5ed018d5) Importer(815301076,1909f56bfc062723c751e8b465ee728b)  -> (artifact id: '560b00fc1f18aec7b3be44a632cede7f') in 0.016289 seconds 
========================================================================
Received Import Request.
  Time since last request: 4.894076 seconds.
  path: Assets/Mixamo Y/Running.anim
  artifactKey: Guid(b7cdf93ccdbe04db28d43b2bac7da57a) Importer(815301076,1909f56bfc062723c751e8b465ee728b)
Start importing Assets/Mixamo Y/Running.anim using Guid(b7cdf93ccdbe04db28d43b2bac7da57a) Importer(815301076,1909f56bfc062723c751e8b465ee728b)  -> (artifact id: '6f361f77a66b8b3c1ae01d4e61459d32') in 0.004402 seconds 
========================================================================
Received Import Request.
  Time since last request: 4.254596 seconds.
  path: Assets/Mixamo Y/Walking.anim
  artifactKey: Guid(b192c4462dad64b0797212a13c7d13fb) Importer(815301076,1909f56bfc062723c751e8b465ee728b)
Start importing Assets/Mixamo Y/Walking.anim using Guid(b192c4462dad64b0797212a13c7d13fb) Importer(815301076,1909f56bfc062723c751e8b465ee728b)  -> (artifact id: 'a01bc43af170b29c7abaeec3a92f55ce') in 0.004365 seconds 
========================================================================
Received Import Request.
  Time since last request: 54.416618 seconds.
  path: Assets/Animation X/XBot Animation Controller.controller
  artifactKey: Guid(2d84b06f195bf476697f66487488d5e6) Importer(815301076,1909f56bfc062723c751e8b465ee728b)
Start importing Assets/Animation X/XBot Animation Controller.controller using Guid(2d84b06f195bf476697f66487488d5e6) Importer(815301076,1909f56bfc062723c751e8b465ee728b)  -> (artifact id: '394ba421aa4abcebe1bcea3d5b477342') in 0.037712 seconds 
========================================================================
Received Import Request.
  Time since last request: 17.748071 seconds.
  path: Assets/Animation Y/YBot Animation Controller.controller
  artifactKey: Guid(2c11f3a2959d7434085bf02209b80967) Importer(815301076,1909f56bfc062723c751e8b465ee728b)
Start importing Assets/Animation Y/YBot Animation Controller.controller using Guid(2c11f3a2959d7434085bf02209b80967) Importer(815301076,1909f56bfc062723c751e8b465ee728b)  -> (artifact id: '897200c1fba0917ece7c8940a8ccda46') in 0.001293 seconds 
========================================================================
Received Import Request.
  Time since last request: 27.163870 seconds.
  path: Assets/Mixamo X
  artifactKey: Guid(261cc17bb0dbf47abb9b4d9c98d0c691) Importer(815301076,1909f56bfc062723c751e8b465ee728b)
Start importing Assets/Mixamo X using Guid(261cc17bb0dbf47abb9b4d9c98d0c691) Importer(815301076,1909f56bfc062723c751e8b465ee728b)  -> (artifact id: 'bb644721bbfcc95d5a0227cb2409d3d6') in 0.002668 seconds 
========================================================================
Received Import Request.
  Time since last request: 3.821558 seconds.
  path: Assets/Mixamo Y
  artifactKey: Guid(4c51b338a0d2e4f59a5353e7323d8ef5) Importer(815301076,1909f56bfc062723c751e8b465ee728b)
Start importing Assets/Mixamo Y using Guid(4c51b338a0d2e4f59a5353e7323d8ef5) Importer(815301076,1909f56bfc062723c751e8b465ee728b)  -> (artifact id: '3b10fe1c3fd489ad5ea927c0094b1bf0') in 0.001192 seconds 
========================================================================
Received Import Request.
  Time since last request: 380.693031 seconds.
  path: Assets
  artifactKey: Guid(00000000000000001000000000000000) Importer(815301076,1909f56bfc062723c751e8b465ee728b)
Start importing Assets using Guid(00000000000000001000000000000000) Importer(815301076,1909f56bfc062723c751e8b465ee728b)  -> (artifact id: '79842766b460edbeab6a34051e857a80') in 0.002247 seconds 
========================================================================
Received Import Request.
  Time since last request: 22.965079 seconds.
  path: Assets/animationStateController.cs
  artifactKey: Guid(96408e276289547559efa0ff7cd8f5cc) Importer(815301076,1909f56bfc062723c751e8b465ee728b)
Start importing Assets/animationStateController.cs using Guid(96408e276289547559efa0ff7cd8f5cc) Importer(815301076,1909f56bfc062723c751e8b465ee728b)  -> (artifact id: '351784b991d7e98332e33583ae301cb7') in 0.109528 seconds 
========================================================================
Received Prepare
Registering precompiled user dll's ...
Registered in 0.001601 seconds.
Begin MonoManager ReloadAssembly
Thread 0x28984f000 may have been prematurely finalized
Symbol file LoadedFromMemory doesn't match image /Users/erkinarikan/Desktop/Unity-Walking-Animation-X-Y-Bot/Animation/Library/PackageCache/com.unity.visualscripting@1.8.0/Editor/VisualScripting.Core/Dependencies/YamlDotNet/Unity.VisualScripting.YamlDotNet.dll
Symbol file LoadedFromMemory doesn't match image /Users/erkinarikan/Desktop/Unity-Walking-Animation-X-Y-Bot/Animation/Library/PackageCache/com.unity.visualscripting@1.8.0/Editor/VisualScripting.Core/Dependencies/DotNetZip/Unity.VisualScripting.IonicZip.dll
Native extension for WindowsStandalone target not found
Native extension for iOS target not found
Native extension for Android target not found
Native extension for OSXStandalone target not found
Refreshing native plugins compatible for Editor in 0.51 ms, found 2 plugins.
Preloading 0 native plugins for Editor in 0.00 ms.
Mono: successfully reloaded assembly
- Completed reload, in  0.611 seconds
Domain Reload Profiling:
	ReloadAssembly (612ms)
		BeginReloadAssembly (112ms)
			ExecutionOrderSort (0ms)
			DisableScriptedObjects (3ms)
			BackupInstance (0ms)
			ReleaseScriptingObjects (0ms)
			CreateAndSetChildDomain (40ms)
		EndReloadAssembly (449ms)
			LoadAssemblies (65ms)
			RebuildTransferFunctionScriptingTraits (0ms)
			SetupTypeCache (164ms)
			ReleaseScriptCaches (1ms)
			RebuildScriptCaches (25ms)
			SetupLoadedEditorAssemblies (176ms)
				LogAssemblyErrors (0ms)
				InitializePlatformSupportModulesInManaged (19ms)
				SetLoadedEditorAssemblies (0ms)
				RefreshPlugins (1ms)
				BeforeProcessingInitializeOnLoad (34ms)
				ProcessInitializeOnLoadAttributes (111ms)
				ProcessInitializeOnLoadMethodAttributes (10ms)
				AfterProcessingInitializeOnLoad (1ms)
				EditorAssembliesLoaded (0ms)
			ExecutionOrderSort2 (0ms)
			AwakeInstancesAfterBackupRestoration (2ms)
Platform modules already initialized, skipping
Refreshing native plugins compatible for Editor in 1.12 ms, found 2 plugins.
Preloading 0 native plugins for Editor in 0.00 ms.
Unloading 3043 Unused Serialized files (Serialized files now loaded: 0)
Unloading 17 unused Assets / (64.8 KB). Loaded Objects now: 3558.
Memory consumption went from 133.7 MB to 133.6 MB.
Total: 2.163875 ms (FindLiveObjects: 0.098709 ms CreateObjectMapping: 0.046584 ms MarkObjects: 1.963916 ms  DeleteObjects: 0.054083 ms)

AssetImportParameters requested are different than current active one (requested -> active):
  custom:video-decoder-ogg-theora: a1e56fd34408186e4bbccfd4996cb3dc -> 
  custom:container-muxer-webm: aa71ff27fc2769a1b78a27578f13a17b -> 
  custom:container-demuxer-webm: 4f35f7cbe854078d1ac9338744f61a02 -> 
  custom:video-encoder-webm-vp8: eb34c28f22e8b96e1ab97ce403110664 -> 
  custom:framework-osx-AVFoundation: e770b220cccbd017edd2c1fefb359320 -> 
  custom:audio-encoder-webm-vorbis: bf7c407c2cedff20999df2af8eb42d56 -> 
  custom:container-demuxer-ogg: 62fdf1f143b41e24485cea50d1cbac27 -> 
  custom:video-decoder-webm-vp8: 9c59270c3fd7afecdb556c50c9e8de78 -> 
  custom:audio-decoder-ogg-vorbis: bf7c407c2cedff20999df2af8eb42d56 -> 
========================================================================
Received Import Request.
  Time since last request: 13.156773 seconds.
  path: Assets/Animation X/XBot Animation Controller.controller
  artifactKey: Guid(2d84b06f195bf476697f66487488d5e6) Importer(815301076,1909f56bfc062723c751e8b465ee728b)
Start importing Assets/Animation X/XBot Animation Controller.controller using Guid(2d84b06f195bf476697f66487488d5e6) Importer(815301076,1909f56bfc062723c751e8b465ee728b)  -> (artifact id: '70982076a6869426c5be5ac1072013bb') in 0.024281 seconds 
========================================================================
Received Import Request.
  Time since last request: 23.618230 seconds.
  path: Assets/Animation X/Happy Idle.anim
  artifactKey: Guid(32bdc2df0b431410c84c6edf811ce7fe) Importer(815301076,1909f56bfc062723c751e8b465ee728b)
Start importing Assets/Animation X/Happy Idle.anim using Guid(32bdc2df0b431410c84c6edf811ce7fe) Importer(815301076,1909f56bfc062723c751e8b465ee728b)  -> (artifact id: '616dff89a3d0cb1c4eeafd551837f64b') in 0.013838 seconds 
========================================================================
Received Import Request.
  Time since last request: 1.209253 seconds.
  path: Assets/Animation X/Walking.anim
  artifactKey: Guid(980522fb3a8ed4bafa0df981b66449b3) Importer(815301076,1909f56bfc062723c751e8b465ee728b)
Start importing Assets/Animation X/Walking.anim using Guid(980522fb3a8ed4bafa0df981b66449b3) Importer(815301076,1909f56bfc062723c751e8b465ee728b)  -> (artifact id: 'cff5baa6d432894dba86375fe6079c24') in 0.004913 seconds 
========================================================================
Received Import Request.
  Time since last request: 18.866578 seconds.
  path: Assets/Animation X/Running.anim
  artifactKey: Guid(1967b268a80b8494fbd5da39a8d5a0d9) Importer(815301076,1909f56bfc062723c751e8b465ee728b)
Start importing Assets/Animation X/Running.anim using Guid(1967b268a80b8494fbd5da39a8d5a0d9) Importer(815301076,1909f56bfc062723c751e8b465ee728b)  -> (artifact id: '657e617333aa17578f2ad2b2a1cfa203') in 0.010640 seconds 
========================================================================
Received Import Request.
  Time since last request: 103.020019 seconds.
  path: Assets/Animation Y/YBot Animation Controller.controller
  artifactKey: Guid(2c11f3a2959d7434085bf02209b80967) Importer(815301076,1909f56bfc062723c751e8b465ee728b)
Start importing Assets/Animation Y/YBot Animation Controller.controller using Guid(2c11f3a2959d7434085bf02209b80967) Importer(815301076,1909f56bfc062723c751e8b465ee728b)  -> (artifact id: '28072ba3efac10cc1dc1763698d953e9') in 0.004556 seconds 
========================================================================
Received Import Request.
  Time since last request: 1.413412 seconds.
  path: Assets/Animation Y/Breathing Idle.anim
  artifactKey: Guid(f65f0e3f443994348b1e67cd5ed018d5) Importer(815301076,1909f56bfc062723c751e8b465ee728b)
Start importing Assets/Animation Y/Breathing Idle.anim using Guid(f65f0e3f443994348b1e67cd5ed018d5) Importer(815301076,1909f56bfc062723c751e8b465ee728b)  -> (artifact id: '90f4ddada01f719812524959036f3dcc') in 0.020289 seconds 
========================================================================
Received Import Request.
  Time since last request: 1.885738 seconds.
  path: Assets/Animation Y/Walking.anim
  artifactKey: Guid(b192c4462dad64b0797212a13c7d13fb) Importer(815301076,1909f56bfc062723c751e8b465ee728b)
Start importing Assets/Animation Y/Walking.anim using Guid(b192c4462dad64b0797212a13c7d13fb) Importer(815301076,1909f56bfc062723c751e8b465ee728b)  -> (artifact id: 'aa7d553068ac549d9a7f8853d950dfed') in 0.006250 seconds 
========================================================================
Received Prepare
Registering precompiled user dll's ...
Registered in 0.001398 seconds.
Begin MonoManager ReloadAssembly
Thread 0x28984f000 may have been prematurely finalized
Symbol file LoadedFromMemory doesn't match image /Users/erkinarikan/Desktop/Unity-Walking-Animation-X-Y-Bot/Animation/Library/PackageCache/com.unity.visualscripting@1.8.0/Editor/VisualScripting.Core/Dependencies/YamlDotNet/Unity.VisualScripting.YamlDotNet.dll
Symbol file LoadedFromMemory doesn't match image /Users/erkinarikan/Desktop/Unity-Walking-Animation-X-Y-Bot/Animation/Library/PackageCache/com.unity.visualscripting@1.8.0/Editor/VisualScripting.Core/Dependencies/DotNetZip/Unity.VisualScripting.IonicZip.dll
Native extension for WindowsStandalone target not found
Native extension for iOS target not found
Native extension for Android target not found
Native extension for OSXStandalone target not found
Refreshing native plugins compatible for Editor in 0.47 ms, found 2 plugins.
Preloading 0 native plugins for Editor in 0.00 ms.
Mono: successfully reloaded assembly
- Completed reload, in  0.661 seconds
Domain Reload Profiling:
	ReloadAssembly (662ms)
		BeginReloadAssembly (121ms)
			ExecutionOrderSort (0ms)
			DisableScriptedObjects (3ms)
			BackupInstance (0ms)
			ReleaseScriptingObjects (0ms)
			CreateAndSetChildDomain (43ms)
		EndReloadAssembly (485ms)
			LoadAssemblies (54ms)
			RebuildTransferFunctionScriptingTraits (0ms)
			SetupTypeCache (206ms)
			ReleaseScriptCaches (1ms)
			RebuildScriptCaches (31ms)
			SetupLoadedEditorAssemblies (166ms)
				LogAssemblyErrors (0ms)
				InitializePlatformSupportModulesInManaged (19ms)
				SetLoadedEditorAssemblies (0ms)
				RefreshPlugins (0ms)
				BeforeProcessingInitializeOnLoad (36ms)
				ProcessInitializeOnLoadAttributes (98ms)
				ProcessInitializeOnLoadMethodAttributes (10ms)
				AfterProcessingInitializeOnLoad (1ms)
				EditorAssembliesLoaded (0ms)
			ExecutionOrderSort2 (0ms)
			AwakeInstancesAfterBackupRestoration (2ms)
Platform modules already initialized, skipping
Refreshing native plugins compatible for Editor in 0.76 ms, found 2 plugins.
Preloading 0 native plugins for Editor in 0.00 ms.
Unloading 3043 Unused Serialized files (Serialized files now loaded: 0)
Unloading 17 unused Assets / (44.9 KB). Loaded Objects now: 3561.
Memory consumption went from 133.7 MB to 133.6 MB.
Total: 2.433666 ms (FindLiveObjects: 0.158958 ms CreateObjectMapping: 0.128167 ms MarkObjects: 2.062000 ms  DeleteObjects: 0.083625 ms)

AssetImportParameters requested are different than current active one (requested -> active):
  custom:video-decoder-ogg-theora: a1e56fd34408186e4bbccfd4996cb3dc -> 
  custom:container-muxer-webm: aa71ff27fc2769a1b78a27578f13a17b -> 
  custom:container-demuxer-webm: 4f35f7cbe854078d1ac9338744f61a02 -> 
  custom:video-encoder-webm-vp8: eb34c28f22e8b96e1ab97ce403110664 -> 
  custom:framework-osx-AVFoundation: e770b220cccbd017edd2c1fefb359320 -> 
  custom:audio-encoder-webm-vorbis: bf7c407c2cedff20999df2af8eb42d56 -> 
  custom:container-demuxer-ogg: 62fdf1f143b41e24485cea50d1cbac27 -> 
  custom:video-decoder-webm-vp8: 9c59270c3fd7afecdb556c50c9e8de78 -> 
  custom:audio-decoder-ogg-vorbis: bf7c407c2cedff20999df2af8eb42d56 -> 
========================================================================
Received Import Request.
  Time since last request: 108.425701 seconds.
  path: Assets/Mixamo X/X Bot@Running-2.fbx
  artifactKey: Guid(14155d1ff13b74ba0bd9c0bca712826f) Importer(815301076,1909f56bfc062723c751e8b465ee728b)
Start importing Assets/Mixamo X/X Bot@Running-2.fbx using Guid(14155d1ff13b74ba0bd9c0bca712826f) Importer(815301076,1909f56bfc062723c751e8b465ee728b)  -> (artifact id: '045325fbb7f9b64b3e7cd83b36f592a2') in 0.149972 seconds 
========================================================================
Received Import Request.
  Time since last request: 22.190526 seconds.
  path: Assets/Mixamo X/Running-2.anim
  artifactKey: Guid(29f8e590da80040d289d2b775855c2b2) Importer(815301076,1909f56bfc062723c751e8b465ee728b)
Start importing Assets/Mixamo X/Running-2.anim using Guid(29f8e590da80040d289d2b775855c2b2) Importer(815301076,1909f56bfc062723c751e8b465ee728b)  -> (artifact id: '28fc6589be8d11d91d48ce9893a140bf') in 0.007249 seconds 
========================================================================
Received Import Request.
  Time since last request: 10.528754 seconds.
  path: Assets/Animation X/XBot Animation Controller.controller
  artifactKey: Guid(2d84b06f195bf476697f66487488d5e6) Importer(815301076,1909f56bfc062723c751e8b465ee728b)
Start importing Assets/Animation X/XBot Animation Controller.controller using Guid(2d84b06f195bf476697f66487488d5e6) Importer(815301076,1909f56bfc062723c751e8b465ee728b)  -> (artifact id: '447eb87e6f9be040093e66ea9faf1a3d') in 0.035867 seconds 
========================================================================
Received Prepare
Registering precompiled user dll's ...
Registered in 0.001489 seconds.
Begin MonoManager ReloadAssembly
Thread 0x2896ab000 may have been prematurely finalized
Symbol file LoadedFromMemory doesn't match image /Users/erkinarikan/Desktop/Unity-Walking-Animation-X-Y-Bot/Animation/Library/PackageCache/com.unity.visualscripting@1.8.0/Editor/VisualScripting.Core/Dependencies/YamlDotNet/Unity.VisualScripting.YamlDotNet.dll
Symbol file LoadedFromMemory doesn't match image /Users/erkinarikan/Desktop/Unity-Walking-Animation-X-Y-Bot/Animation/Library/PackageCache/com.unity.visualscripting@1.8.0/Editor/VisualScripting.Core/Dependencies/DotNetZip/Unity.VisualScripting.IonicZip.dll
Native extension for WindowsStandalone target not found
Native extension for iOS target not found
Native extension for Android target not found
Native extension for OSXStandalone target not found
Refreshing native plugins compatible for Editor in 0.67 ms, found 2 plugins.
Preloading 0 native plugins for Editor in 0.00 ms.
Mono: successfully reloaded assembly
- Completed reload, in  0.695 seconds
Domain Reload Profiling:
	ReloadAssembly (696ms)
		BeginReloadAssembly (162ms)
			ExecutionOrderSort (0ms)
			DisableScriptedObjects (3ms)
			BackupInstance (0ms)
			ReleaseScriptingObjects (0ms)
			CreateAndSetChildDomain (70ms)
		EndReloadAssembly (475ms)
			LoadAssemblies (84ms)
			RebuildTransferFunctionScriptingTraits (0ms)
			SetupTypeCache (189ms)
			ReleaseScriptCaches (1ms)
			RebuildScriptCaches (28ms)
			SetupLoadedEditorAssemblies (169ms)
				LogAssemblyErrors (0ms)
				InitializePlatformSupportModulesInManaged (20ms)
				SetLoadedEditorAssemblies (0ms)
				RefreshPlugins (1ms)
				BeforeProcessingInitializeOnLoad (36ms)
				ProcessInitializeOnLoadAttributes (99ms)
				ProcessInitializeOnLoadMethodAttributes (11ms)
				AfterProcessingInitializeOnLoad (1ms)
				EditorAssembliesLoaded (0ms)
			ExecutionOrderSort2 (0ms)
			AwakeInstancesAfterBackupRestoration (2ms)
Platform modules already initialized, skipping
Refreshing native plugins compatible for Editor in 1.13 ms, found 2 plugins.
Preloading 0 native plugins for Editor in 0.00 ms.
Unloading 3043 Unused Serialized files (Serialized files now loaded: 0)
Unloading 17 unused Assets / (65.0 KB). Loaded Objects now: 3564.
Memory consumption went from 133.7 MB to 133.7 MB.
Total: 2.256459 ms (FindLiveObjects: 0.116042 ms CreateObjectMapping: 0.069750 ms MarkObjects: 1.977208 ms  DeleteObjects: 0.089792 ms)

AssetImportParameters requested are different than current active one (requested -> active):
  custom:video-decoder-ogg-theora: a1e56fd34408186e4bbccfd4996cb3dc -> 
  custom:container-muxer-webm: aa71ff27fc2769a1b78a27578f13a17b -> 
  custom:container-demuxer-webm: 4f35f7cbe854078d1ac9338744f61a02 -> 
  custom:video-encoder-webm-vp8: eb34c28f22e8b96e1ab97ce403110664 -> 
  custom:framework-osx-AVFoundation: e770b220cccbd017edd2c1fefb359320 -> 
  custom:audio-encoder-webm-vorbis: bf7c407c2cedff20999df2af8eb42d56 -> 
  custom:container-demuxer-ogg: 62fdf1f143b41e24485cea50d1cbac27 -> 
  custom:video-decoder-webm-vp8: 9c59270c3fd7afecdb556c50c9e8de78 -> 
  custom:audio-decoder-ogg-vorbis: bf7c407c2cedff20999df2af8eb42d56 -> 
========================================================================
Received Prepare
Registering precompiled user dll's ...
Registered in 0.001627 seconds.
Begin MonoManager ReloadAssembly
Thread 0x2896ab000 may have been prematurely finalized
Symbol file LoadedFromMemory doesn't match image /Users/erkinarikan/Desktop/Unity-Walking-Animation-X-Y-Bot/Animation/Library/PackageCache/com.unity.visualscripting@1.8.0/Editor/VisualScripting.Core/Dependencies/YamlDotNet/Unity.VisualScripting.YamlDotNet.dll
Symbol file LoadedFromMemory doesn't match image /Users/erkinarikan/Desktop/Unity-Walking-Animation-X-Y-Bot/Animation/Library/PackageCache/com.unity.visualscripting@1.8.0/Editor/VisualScripting.Core/Dependencies/DotNetZip/Unity.VisualScripting.IonicZip.dll
Native extension for WindowsStandalone target not found
Native extension for iOS target not found
Native extension for Android target not found
Native extension for OSXStandalone target not found
Refreshing native plugins compatible for Editor in 0.46 ms, found 2 plugins.
Preloading 0 native plugins for Editor in 0.00 ms.
Mono: successfully reloaded assembly
- Completed reload, in  0.655 seconds
Domain Reload Profiling:
	ReloadAssembly (656ms)
		BeginReloadAssembly (136ms)
			ExecutionOrderSort (0ms)
			DisableScriptedObjects (11ms)
			BackupInstance (0ms)
			ReleaseScriptingObjects (0ms)
			CreateAndSetChildDomain (47ms)
		EndReloadAssembly (465ms)
			LoadAssemblies (64ms)
			RebuildTransferFunctionScriptingTraits (0ms)
			SetupTypeCache (179ms)
			ReleaseScriptCaches (2ms)
			RebuildScriptCaches (31ms)
			SetupLoadedEditorAssemblies (165ms)
				LogAssemblyErrors (0ms)
				InitializePlatformSupportModulesInManaged (19ms)
				SetLoadedEditorAssemblies (0ms)
				RefreshPlugins (0ms)
				BeforeProcessingInitializeOnLoad (37ms)
				ProcessInitializeOnLoadAttributes (97ms)
				ProcessInitializeOnLoadMethodAttributes (10ms)
				AfterProcessingInitializeOnLoad (1ms)
				EditorAssembliesLoaded (0ms)
			ExecutionOrderSort2 (0ms)
			AwakeInstancesAfterBackupRestoration (2ms)
Platform modules already initialized, skipping
Refreshing native plugins compatible for Editor in 0.73 ms, found 2 plugins.
Preloading 0 native plugins for Editor in 0.00 ms.
Unloading 3043 Unused Serialized files (Serialized files now loaded: 0)
Unloading 17 unused Assets / (64.9 KB). Loaded Objects now: 3567.
Memory consumption went from 133.7 MB to 133.7 MB.
Total: 2.175167 ms (FindLiveObjects: 0.113625 ms CreateObjectMapping: 0.037167 ms MarkObjects: 1.922125 ms  DeleteObjects: 0.101542 ms)

AssetImportParameters requested are different than current active one (requested -> active):
  custom:video-decoder-ogg-theora: a1e56fd34408186e4bbccfd4996cb3dc -> 
  custom:container-muxer-webm: aa71ff27fc2769a1b78a27578f13a17b -> 
  custom:container-demuxer-webm: 4f35f7cbe854078d1ac9338744f61a02 -> 
  custom:video-encoder-webm-vp8: eb34c28f22e8b96e1ab97ce403110664 -> 
  custom:framework-osx-AVFoundation: e770b220cccbd017edd2c1fefb359320 -> 
  custom:audio-encoder-webm-vorbis: bf7c407c2cedff20999df2af8eb42d56 -> 
  custom:container-demuxer-ogg: 62fdf1f143b41e24485cea50d1cbac27 -> 
  custom:video-decoder-webm-vp8: 9c59270c3fd7afecdb556c50c9e8de78 -> 
  custom:audio-decoder-ogg-vorbis: bf7c407c2cedff20999df2af8eb42d56 -> 
